<?xml version="1.0" encoding="UTF-8"?>
<!-- Generated by org.testng.reporters.JUnitXMLReporter -->
<testsuite ignored="0" hostname="Ankushkumar" failures="0" tests="3" name="Default test" time="0.105" errors="0" timestamp="2022-07-16T14:14:05 IST">
  <testcase classname="Raman_bhai.data_provider" name="test01" time="0.01"/>
  <testcase classname="Raman_bhai.data_provider" name="test01" time="0.002"/>
  <testcase classname="Raman_bhai.data_provider" name="test01" time="0.002"/>
</testsuite> <!-- Default test -->
