<?xml version="1.0" encoding="UTF-8"?>
<testng-results ignored="0" total="3" passed="3" failed="0" skipped="0">
  <reporter-output>
  </reporter-output>
  <suite started-at="2022-07-16T14:14:04 IST" name="Default suite" finished-at="2022-07-16T14:14:04 IST" duration-ms="105">
    <groups>
    </groups>
    <test started-at="2022-07-16T14:14:04 IST" name="Default test" finished-at="2022-07-16T14:14:04 IST" duration-ms="105">
      <class name="Raman_bhai.data_provider">
        <test-method signature="test01(java.lang.String,java.lang.String)[pri:0, instance:Raman_bhai.data_provider@48f278eb]" started-at="2022-07-16T14:14:04 IST" name="test01" data-provider="getvalue" finished-at="2022-07-16T14:14:04 IST" duration-ms="10" status="PASS">
          <params>
            <param index="0">
              <value>
                <![CDATA[admin]]>
              </value>
            </param>
            <param index="1">
              <value>
                <![CDATA[admin1]]>
              </value>
            </param>
          </params>
          <reporter-output>
          </reporter-output>
        </test-method> <!-- test01 -->
        <test-method signature="test01(java.lang.String,java.lang.String)[pri:0, instance:Raman_bhai.data_provider@48f278eb]" started-at="2022-07-16T14:14:04 IST" name="test01" data-provider="getvalue" finished-at="2022-07-16T14:14:04 IST" duration-ms="2" status="PASS">
          <params>
            <param index="0">
              <value>
                <![CDATA[admin2]]>
              </value>
            </param>
            <param index="1">
              <value>
                <![CDATA[admin1]]>
              </value>
            </param>
          </params>
          <reporter-output>
          </reporter-output>
        </test-method> <!-- test01 -->
        <test-method signature="test01(java.lang.String,java.lang.String)[pri:0, instance:Raman_bhai.data_provider@48f278eb]" started-at="2022-07-16T14:14:04 IST" name="test01" data-provider="getvalue" finished-at="2022-07-16T14:14:04 IST" duration-ms="2" status="PASS">
          <params>
            <param index="0">
              <value>
                <![CDATA[admin1]]>
              </value>
            </param>
            <param index="1">
              <value>
                <![CDATA[admin1]]>
              </value>
            </param>
          </params>
          <reporter-output>
          </reporter-output>
        </test-method> <!-- test01 -->
      </class> <!-- Raman_bhai.data_provider -->
    </test> <!-- Default test -->
  </suite> <!-- Default suite -->
</testng-results>
